<?xml version="1.0" encoding="UTF-8"?>
<!-- Generated by org.testng.reporters.JUnitReportReporter -->
<testsuite hostname="W1000089303" failures="0" tests="1" name="testpackage1.testNg_GetText" time="15.470" errors="0" timestamp="2023-10-04T20:35:38 CDT" skipped="0">
  <testcase classname="testpackage1.testNg_GetText" name="f" time="15.470"/>
</testsuite> <!-- testpackage1.testNg_GetText -->
